<?xml version="1.0" encoding="UTF-8"?>
<!-- Generated by org.testng.reporters.JUnitReportReporter -->
<testsuite hostname="DESKTOP-I91AM2E" failures="0" tests="8" name="execution.FinalTestExecution" time="85.028" errors="0" timestamp="2025-05-08T13:33:17 GMT+06:00" skipped="0">
  <testcase classname="execution.FinalTestExecution" name="loginFunctionality" time="3.247"/>
  <testcase classname="execution.FinalTestExecution" name="loginNegative" time="6.033"/>
  <testcase classname="execution.FinalTestExecution" name="AddToCart" time="16.149"/>
  <testcase classname="execution.FinalTestExecution" name="CheckOut" time="10.186"/>
  <testcase classname="execution.FinalTestExecution" name="Sorting_Products" time="22.309"/>
  <testcase classname="execution.FinalTestExecution" name="LogoutFunctionalityTest" time="11.434"/>
  <testcase classname="execution.FinalTestExecution" name="LockedOutUserValidation" time="6.046"/>
  <testcase classname="execution.FinalTestExecution" name="CartBadgeCountValidation" time="9.624"/>
</testsuite> <!-- execution.FinalTestExecution -->
